# JRE version: Java(TM) SE Runtime Environment (8.0_301-b09) (build 1.8.0_301-b09)
# Java VM: Java HotSpot(TM) 64-Bit Server VM (25.301-b09 mixed mode windows-amd64 compressed oops)
Heap:
 PSYoungGen      total 127488K, used 50357K [0x00000000d6700000, 0x00000000df680000, 0x0000000100000000)
  eden space 119808K, 35% used [0x00000000d6700000,0x00000000d90dc5f0,0x00000000ddc00000)
  from space 7680K, 97% used [0x00000000def00000,0x00000000df651110,0x00000000df680000)
  to   space 8704K, 0% used [0x00000000de580000,0x00000000de580000,0x00000000dee00000)
 ParOldGen       total 46080K, used 5157K [0x0000000083400000, 0x0000000086100000, 0x00000000d6700000)
  object space 46080K, 11% used [0x0000000083400000,0x00000000839094f8,0x0000000086100000)
 Metaspace       used 28869K, capacity 30792K, committed 31104K, reserved 1077248K
  class space    used 3740K, capacity 4106K, committed 4224K, reserved 1048576K
GC Heap History (10 events):
Event: 3.385 GC heap before
{Heap before GC invocations=3 (full 0):
 PSYoungGen      total 37888K, used 37869K [0x00000000d6700000, 0x00000000d9100000, 0x0000000100000000)
  eden space 32768K, 99% used [0x00000000d6700000,0x00000000d86ffbe0,0x00000000d8700000)
  from space 5120K, 99% used [0x00000000d8c00000,0x00000000d90fb960,0x00000000d9100000)
  to   space 5120K, 0% used [0x00000000d8700000,0x00000000d8700000,0x00000000d8c00000)
 ParOldGen       total 86016K, used 1337K [0x0000000083400000, 0x0000000088800000, 0x00000000d6700000)
  object space 86016K, 1% used [0x0000000083400000,0x000000008354e4e0,0x0000000088800000)
 Metaspace       used 18093K, capacity 18792K, committed 19072K, reserved 1067008K
  class space    used 2254K, capacity 2416K, committed 2432K, reserved 1048576K
Event: 3.399 GC heap after
Heap after GC invocations=3 (full 0):
 PSYoungGen      total 37888K, used 5102K [0x00000000d6700000, 0x00000000db100000, 0x0000000100000000)
  eden space 32768K, 0% used [0x00000000d6700000,0x00000000d6700000,0x00000000d8700000)
  from space 5120K, 99% used [0x00000000d8700000,0x00000000d8bfb900,0x00000000d8c00000)
  to   space 5120K, 0% used [0x00000000dac00000,0x00000000dac00000,0x00000000db100000)
 ParOldGen       total 86016K, used 4140K [0x0000000083400000, 0x0000000088800000, 0x00000000d6700000)
  object space 86016K, 4% used [0x0000000083400000,0x000000008380b2f0,0x0000000088800000)
 Metaspace       used 18093K, capacity 18792K, committed 19072K, reserved 1067008K
  class space    used 2254K, capacity 2416K, committed 2432K, reserved 1048576K
}
Event: 3.779 GC heap before
{Heap before GC invocations=4 (full 0):
 PSYoungGen      total 37888K, used 37852K [0x00000000d6700000, 0x00000000db100000, 0x0000000100000000)
  eden space 32768K, 99% used [0x00000000d6700000,0x00000000d86fb8f0,0x00000000d8700000)
  from space 5120K, 99% used [0x00000000d8700000,0x00000000d8bfb900,0x00000000d8c00000)
  to   space 5120K, 0% used [0x00000000dac00000,0x00000000dac00000,0x00000000db100000)
 ParOldGen       total 86016K, used 4140K [0x0000000083400000, 0x0000000088800000, 0x00000000d6700000)
  object space 86016K, 4% used [0x0000000083400000,0x000000008380b2f0,0x0000000088800000)
 Metaspace       used 20026K, capacity 20846K, committed 20992K, reserved 1067008K
  class space    used 2522K, capacity 2727K, committed 2816K, reserved 1048576K
Event: 3.789 GC heap after
Heap after GC invocations=4 (full 0):
 PSYoungGen      total 70656K, used 5093K [0x00000000d6700000, 0x00000000db100000, 0x0000000100000000)
  eden space 65536K, 0% used [0x00000000d6700000,0x00000000d6700000,0x00000000da700000)
  from space 5120K, 99% used [0x00000000dac00000,0x00000000db0f96e0,0x00000000db100000)
  to   space 5120K, 0% used [0x00000000da700000,0x00000000da700000,0x00000000dac00000)
 ParOldGen       total 86016K, used 5274K [0x0000000083400000, 0x0000000088800000, 0x00000000d6700000)
  object space 86016K, 6% used [0x0000000083400000,0x0000000083926890,0x0000000088800000)
 Metaspace       used 20026K, capacity 20846K, committed 20992K, reserved 1067008K
  class space    used 2522K, capacity 2727K, committed 2816K, reserved 1048576K
}
Event: 3.822 GC heap before
{Heap before GC invocations=5 (full 0):
 PSYoungGen      total 70656K, used 31938K [0x00000000d6700000, 0x00000000db100000, 0x0000000100000000)
  eden space 65536K, 40% used [0x00000000d6700000,0x00000000d8137338,0x00000000da700000)
  from space 5120K, 99% used [0x00000000dac00000,0x00000000db0f96e0,0x00000000db100000)
  to   space 5120K, 0% used [0x00000000da700000,0x00000000da700000,0x00000000dac00000)
 ParOldGen       total 86016K, used 5274K [0x0000000083400000, 0x0000000088800000, 0x00000000d6700000)
  object space 86016K, 6% used [0x0000000083400000,0x0000000083926890,0x0000000088800000)
 Metaspace       used 20351K, capacity 21102K, committed 21248K, reserved 1067008K
  class space    used 2544K, capacity 2727K, committed 2816K, reserved 1048576K
Event: 3.829 GC heap after
Heap after GC invocations=5 (full 0):
 PSYoungGen      total 70656K, used 5100K [0x00000000d6700000, 0x00000000df700000, 0x0000000100000000)
  eden space 65536K, 0% used [0x00000000d6700000,0x00000000d6700000,0x00000000da700000)
  from space 5120K, 99% used [0x00000000da700000,0x00000000dabfb010,0x00000000dac00000)
  to   space 8192K, 0% used [0x00000000def00000,0x00000000def00000,0x00000000df700000)
 ParOldGen       total 86016K, used 5417K [0x0000000083400000, 0x0000000088800000, 0x00000000d6700000)
  object space 86016K, 6% used [0x0000000083400000,0x000000008394a748,0x0000000088800000)
 Metaspace       used 20351K, capacity 21102K, committed 21248K, reserved 1067008K
  class space    used 2544K, capacity 2727K, committed 2816K, reserved 1048576K
}
Event: 3.829 GC heap before
{Heap before GC invocations=6 (full 1):
 PSYoungGen      total 70656K, used 5100K [0x00000000d6700000, 0x00000000df700000, 0x0000000100000000)
  eden space 65536K, 0% used [0x00000000d6700000,0x00000000d6700000,0x00000000da700000)
  from space 5120K, 99% used [0x00000000da700000,0x00000000dabfb010,0x00000000dac00000)
  to   space 8192K, 0% used [0x00000000def00000,0x00000000def00000,0x00000000df700000)
 ParOldGen       total 86016K, used 5417K [0x0000000083400000, 0x0000000088800000, 0x00000000d6700000)
  object space 86016K, 6% used [0x0000000083400000,0x000000008394a748,0x0000000088800000)
 Metaspace       used 20351K, capacity 21102K, committed 21248K, reserved 1067008K
  class space    used 2544K, capacity 2727K, committed 2816K, reserved 1048576K
Event: 3.864 GC heap after
Heap after GC invocations=6 (full 1):
 PSYoungGen      total 70656K, used 0K [0x00000000d6700000, 0x00000000df700000, 0x0000000100000000)
  eden space 65536K, 0% used [0x00000000d6700000,0x00000000d6700000,0x00000000da700000)
  from space 5120K, 0% used [0x00000000da700000,0x00000000da700000,0x00000000dac00000)
  to   space 8192K, 0% used [0x00000000def00000,0x00000000def00000,0x00000000df700000)
 ParOldGen       total 46080K, used 5149K [0x0000000083400000, 0x0000000086100000, 0x00000000d6700000)
  object space 46080K, 11% used [0x0000000083400000,0x00000000839074f8,0x0000000086100000)
 Metaspace       used 20351K, capacity 21102K, committed 21248K, reserved 1067008K
  class space    used 2544K, capacity 2727K, committed 2816K, reserved 1048576K
}
Event: 5.333 GC heap before
{Heap before GC invocations=7 (full 1):
 PSYoungGen      total 70656K, used 65536K [0x00000000d6700000, 0x00000000df700000, 0x0000000100000000)
  eden space 65536K, 100% used [0x00000000d6700000,0x00000000da700000,0x00000000da700000)
  from space 5120K, 0% used [0x00000000da700000,0x00000000da700000,0x00000000dac00000)
  to   space 8192K, 0% used [0x00000000def00000,0x00000000def00000,0x00000000df700000)
 ParOldGen       total 46080K, used 5149K [0x0000000083400000, 0x0000000086100000, 0x00000000d6700000)
  object space 46080K, 11% used [0x0000000083400000,0x00000000839074f8,0x0000000086100000)
 Metaspace       used 24556K, capacity 25826K, committed 25984K, reserved 1071104K
  class space    used 3124K, capacity 3393K, committed 3456K, reserved 1048576K
Event: 5.366 GC heap after
Heap after GC invocations=7 (full 1):
 PSYoungGen      total 127488K, used 7492K [0x00000000d6700000, 0x00000000df680000, 0x0000000100000000)
  eden space 119808K, 0% used [0x00000000d6700000,0x00000000d6700000,0x00000000ddc00000)
  from space 7680K, 97% used [0x00000000def00000,0x00000000df651110,0x00000000df680000)
  to   space 8704K, 0% used [0x00000000de580000,0x00000000de580000,0x00000000dee00000)
 ParOldGen       total 46080K, used 5157K [0x0000000083400000, 0x0000000086100000, 0x00000000d6700000)
  object space 46080K, 11% used [0x0000000083400000,0x00000000839094f8,0x0000000086100000)
 Metaspace       used 24556K, capacity 25826K, committed 25984K, reserved 1071104K
  class space    used 3124K, capacity 3393K, committed 3456K, reserved 1048576K
}

