# JRE version: Java(TM) SE Runtime Environment (8.0_301-b09) (build 1.8.0_301-b09)
# Java VM: Java HotSpot(TM) 64-Bit Server VM (25.301-b09 mixed mode windows-amd64 compressed oops)
Heap:
 PSYoungGen      total 211456K, used 161944K [0x00000000d6700000, 0x00000000e5a80000, 0x0000000100000000)
  eden space 200704K, 80% used [0x00000000d6700000,0x00000000e0526138,0x00000000e2b00000)
  from space 10752K, 0% used [0x00000000e3580000,0x00000000e3580000,0x00000000e4000000)
  to   space 10752K, 0% used [0x00000000e2b00000,0x00000000e2b00000,0x00000000e3580000)
 ParOldGen       total 64000K, used 12075K [0x0000000083400000, 0x0000000087280000, 0x00000000d6700000)
  object space 64000K, 18% used [0x0000000083400000,0x0000000083fcad98,0x0000000087280000)
 Metaspace       used 48031K, capacity 50492K, committed 50776K, reserved 1093632K
  class space    used 6542K, capacity 6971K, committed 7040K, reserved 1048576K
GC Heap History (10 events):
Event: 3.122 GC heap before
{Heap before GC invocations=6 (full 1):
 PSYoungGen      total 70656K, used 5078K [0x00000000d6700000, 0x00000000df700000, 0x0000000100000000)
  eden space 65536K, 0% used [0x00000000d6700000,0x00000000d6700000,0x00000000da700000)
  from space 5120K, 99% used [0x00000000da700000,0x00000000dabf5988,0x00000000dac00000)
  to   space 8192K, 0% used [0x00000000def00000,0x00000000def00000,0x00000000df700000)
 ParOldGen       total 86016K, used 5324K [0x0000000083400000, 0x0000000088800000, 0x00000000d6700000)
  object space 86016K, 6% used [0x0000000083400000,0x0000000083933308,0x0000000088800000)
 Metaspace       used 20294K, capacity 21098K, committed 21248K, reserved 1067008K
  class space    used 2543K, capacity 2727K, committed 2816K, reserved 1048576K
Event: 3.177 GC heap after
Heap after GC invocations=6 (full 1):
 PSYoungGen      total 70656K, used 0K [0x00000000d6700000, 0x00000000df700000, 0x0000000100000000)
  eden space 65536K, 0% used [0x00000000d6700000,0x00000000d6700000,0x00000000da700000)
  from space 5120K, 0% used [0x00000000da700000,0x00000000da700000,0x00000000dac00000)
  to   space 8192K, 0% used [0x00000000def00000,0x00000000def00000,0x00000000df700000)
 ParOldGen       total 47616K, used 5016K [0x0000000083400000, 0x0000000086280000, 0x00000000d6700000)
  object space 47616K, 10% used [0x0000000083400000,0x00000000838e6108,0x0000000086280000)
 Metaspace       used 20294K, capacity 21098K, committed 21248K, reserved 1067008K
  class space    used 2543K, capacity 2727K, committed 2816K, reserved 1048576K
}
Event: 5.082 GC heap before
{Heap before GC invocations=7 (full 1):
 PSYoungGen      total 70656K, used 65536K [0x00000000d6700000, 0x00000000df700000, 0x0000000100000000)
  eden space 65536K, 100% used [0x00000000d6700000,0x00000000da700000,0x00000000da700000)
  from space 5120K, 0% used [0x00000000da700000,0x00000000da700000,0x00000000dac00000)
  to   space 8192K, 0% used [0x00000000def00000,0x00000000def00000,0x00000000df700000)
 ParOldGen       total 47616K, used 5016K [0x0000000083400000, 0x0000000086280000, 0x00000000d6700000)
  object space 47616K, 10% used [0x0000000083400000,0x00000000838e6108,0x0000000086280000)
 Metaspace       used 24595K, capacity 25894K, committed 25984K, reserved 1071104K
  class space    used 3127K, capacity 3393K, committed 3456K, reserved 1048576K
Event: 5.096 GC heap after
Heap after GC invocations=7 (full 1):
 PSYoungGen      total 123904K, used 7536K [0x00000000d6700000, 0x00000000df680000, 0x0000000100000000)
  eden space 116224K, 0% used [0x00000000d6700000,0x00000000d6700000,0x00000000dd880000)
  from space 7680K, 98% used [0x00000000def00000,0x00000000df65c2d8,0x00000000df680000)
  to   space 8704K, 0% used [0x00000000de580000,0x00000000de580000,0x00000000dee00000)
 ParOldGen       total 47616K, used 5024K [0x0000000083400000, 0x0000000086280000, 0x00000000d6700000)
  object space 47616K, 10% used [0x0000000083400000,0x00000000838e8108,0x0000000086280000)
 Metaspace       used 24595K, capacity 25894K, committed 25984K, reserved 1071104K
  class space    used 3127K, capacity 3393K, committed 3456K, reserved 1048576K
}
Event: 7.240 GC heap before
{Heap before GC invocations=8 (full 1):
 PSYoungGen      total 123904K, used 123760K [0x00000000d6700000, 0x00000000df680000, 0x0000000100000000)
  eden space 116224K, 100% used [0x00000000d6700000,0x00000000dd880000,0x00000000dd880000)
  from space 7680K, 98% used [0x00000000def00000,0x00000000df65c2d8,0x00000000df680000)
  to   space 8704K, 0% used [0x00000000de580000,0x00000000de580000,0x00000000dee00000)
 ParOldGen       total 47616K, used 5024K [0x0000000083400000, 0x0000000086280000, 0x00000000d6700000)
  object space 47616K, 10% used [0x0000000083400000,0x00000000838e8108,0x0000000086280000)
 Metaspace       used 31599K, capacity 33656K, committed 33920K, reserved 1079296K
  class space    used 4120K, capacity 4476K, committed 4480K, reserved 1048576K
Event: 7.263 GC heap after
Heap after GC invocations=8 (full 1):
 PSYoungGen      total 138240K, used 8699K [0x00000000d6700000, 0x00000000e4000000, 0x0000000100000000)
  eden space 129536K, 0% used [0x00000000d6700000,0x00000000d6700000,0x00000000de580000)
  from space 8704K, 99% used [0x00000000de580000,0x00000000dedfed48,0x00000000dee00000)
  to   space 10752K, 0% used [0x00000000e3580000,0x00000000e3580000,0x00000000e4000000)
 ParOldGen       total 47616K, used 7289K [0x0000000083400000, 0x0000000086280000, 0x00000000d6700000)
  object space 47616K, 15% used [0x0000000083400000,0x0000000083b1e698,0x0000000086280000)
 Metaspace       used 31599K, capacity 33656K, committed 33920K, reserved 1079296K
  class space    used 4120K, capacity 4476K, committed 4480K, reserved 1048576K
}
Event: 7.571 GC heap before
{Heap before GC invocations=9 (full 1):
 PSYoungGen      total 138240K, used 29518K [0x00000000d6700000, 0x00000000e4000000, 0x0000000100000000)
  eden space 129536K, 16% used [0x00000000d6700000,0x00000000d7b54cb0,0x00000000de580000)
  from space 8704K, 99% used [0x00000000de580000,0x00000000dedfed48,0x00000000dee00000)
  to   space 10752K, 0% used [0x00000000e3580000,0x00000000e3580000,0x00000000e4000000)
 ParOldGen       total 47616K, used 7289K [0x0000000083400000, 0x0000000086280000, 0x00000000d6700000)
  object space 47616K, 15% used [0x0000000083400000,0x0000000083b1e698,0x0000000086280000)
 Metaspace       used 33304K, capacity 35336K, committed 35416K, reserved 1079296K
  class space    used 4321K, capacity 4672K, committed 4736K, reserved 1048576K
Event: 7.598 GC heap after
Heap after GC invocations=9 (full 1):
 PSYoungGen      total 211456K, used 8052K [0x00000000d6700000, 0x00000000e5a80000, 0x0000000100000000)
  eden space 200704K, 0% used [0x00000000d6700000,0x00000000d6700000,0x00000000e2b00000)
  from space 10752K, 74% used [0x00000000e3580000,0x00000000e3d5d2b8,0x00000000e4000000)
  to   space 10752K, 0% used [0x00000000e2b00000,0x00000000e2b00000,0x00000000e3580000)
 ParOldGen       total 47616K, used 7289K [0x0000000083400000, 0x0000000086280000, 0x00000000d6700000)
  object space 47616K, 15% used [0x0000000083400000,0x0000000083b1e698,0x0000000086280000)
 Metaspace       used 33304K, capacity 35336K, committed 35416K, reserved 1079296K
  class space    used 4321K, capacity 4672K, committed 4736K, reserved 1048576K
}
Event: 7.598 GC heap before
{Heap before GC invocations=10 (full 2):
 PSYoungGen      total 211456K, used 8052K [0x00000000d6700000, 0x00000000e5a80000, 0x0000000100000000)
  eden space 200704K, 0% used [0x00000000d6700000,0x00000000d6700000,0x00000000e2b00000)
  from space 10752K, 74% used [0x00000000e3580000,0x00000000e3d5d2b8,0x00000000e4000000)
  to   space 10752K, 0% used [0x00000000e2b00000,0x00000000e2b00000,0x00000000e3580000)
 ParOldGen       total 47616K, used 7289K [0x0000000083400000, 0x0000000086280000, 0x00000000d6700000)
  object space 47616K, 15% used [0x0000000083400000,0x0000000083b1e698,0x0000000086280000)
 Metaspace       used 33304K, capacity 35336K, committed 35416K, reserved 1079296K
  class space    used 4321K, capacity 4672K, committed 4736K, reserved 1048576K
Event: 7.665 GC heap after
Heap after GC invocations=10 (full 2):
 PSYoungGen      total 211456K, used 0K [0x00000000d6700000, 0x00000000e5a80000, 0x0000000100000000)
  eden space 200704K, 0% used [0x00000000d6700000,0x00000000d6700000,0x00000000e2b00000)
  from space 10752K, 0% used [0x00000000e3580000,0x00000000e3580000,0x00000000e4000000)
  to   space 10752K, 0% used [0x00000000e2b00000,0x00000000e2b00000,0x00000000e3580000)
 ParOldGen       total 64000K, used 12075K [0x0000000083400000, 0x0000000087280000, 0x00000000d6700000)
  object space 64000K, 18% used [0x0000000083400000,0x0000000083fcad98,0x0000000087280000)
 Metaspace       used 33304K, capacity 35336K, committed 35416K, reserved 1079296K
  class space    used 4321K, capacity 4672K, committed 4736K, reserved 1048576K
}

